Initial strucutres are already cleaned
File with strucutres is here
1BSG_SAL-1
["1BSG_SAL-1_FH.pka", [["ASP", "224", "11.00"], ["LYS", "213", "5.97"]]]
1BSG_SAL-1_FH
1BUE_NmcA
["1BUE_NmcA_FH.pka", [["ASP", "221", "10.66"]]]
1BUE_NmcA_FH
1DY6_SME-1
["1DY6_SME-1_FH.pka", [["ASP", "223", "10.93"]]]
1DY6_SME-1_FH
1E25_PER-1
["1E25_PER-1_FH.pka", [["LYS", "212", "5.25"]]]
1E25_PER-1_FH
1G6A_PSE-4

1GHP_PC1-1
["1GHP_PC1-1_FH.pka", [["ASP", "213", "11.43"], ["LYS", "201", "5.82"]]]
1GHP_PC1-1_FH
1HTZ_TEM-52
["1HTZ_TEM-52_FH.pka", [["ASP", "208", "9.24"]]]
1HTZ_TEM-52_FH
1HZO_K1
["1HZO_K1_FH.pka", [["ASP", "218", "11.32"]]]
1HZO_K1_FH
1M40_TEM-1
["1M40_TEM-1_FH.pka", [["GLU", "214", "8.10"]]]
1M40_TEM-1_FH
1N9B_SHV-3

1YLW_CTX-M-16
["1YLW_CTX-M-16_FH.pka", [["ASP", "220", "10.81"]]]
1YLW_CTX-M-16_FH
2CC1_MFO-1
["2CC1_MFO-1_FH.pka", [["ASP", "216", "10.54"]]]
2CC1_MFO-1_FH
2P74_CTX-M-9
["2P74_CTX-M-9_FH.pka", [["ASP", "217", "11.07"]]]
2P74_CTX-M-9_FH
2QPN_GES-1
["2QPN_GES-1_FH.pka", [["ASP", "220", "10.63"]]]
2QPN_GES-1_FH
2WK0_PenP-2
["2WK0_PenP-2_FH.pka", [["ASP", "212", "11.08"], ["LYS", "201", "5.90"]]]
2WK0_PenP-2_FH
2ZD8_SHV-1

2ZQ7_CTX-M-44
["2ZQ7_CTX-M-44_FH.pka", [["ASP", "218", "10.96"]]]
2ZQ7_CTX-M-44_FH
3BFF_SED-1

3BYD_OXY-1-1
["3BYD_OXY-1-1_FH.pka", [["ASP", "218", "11.29"]]]
3BYD_OXY-1-1_FH
3LEZ_OIH-1
["3LEZ_OIH-1_FH.pka", [["ASP", "214", "11.35"], ["LYS", "203", "5.37"]]]
3LEZ_OIH-1_FH
3P09_FTU-2
["3P09_FTU-2_FH.pka", [["ASP", "162", "11.30"], ["ASP", "219", "10.85"], ["LYS", "207", "5.34"]]]
3P09_FTU-2_FH
3P98_TEM-72
["3P98_TEM-72_FH.pka", [["ASP", "208", "8.12"]]]
3P98_TEM-72_FH
3QHY_BcI-2
["3QHY_BcI-2_FH.pka", [["ASP", "214", "10.95"]]]
3QHY_BcI-2_FH
3TSG_GES-14
["3TSG_GES-14_FH.pka", [["ASP", "222", "10.50"]]]
3TSG_GES-14_FH
3V3R_GES-11
["3V3R_GES-11_FH.pka", [["ASP", "222", "10.96"], ["ASP", "268", "9.27"]]]
3V3R_GES-11_FH
3V3S_GES-18
["3V3S_GES-18_FH.pka", [["GLU", "210", "8.74"]]]
3V3S_GES-18_FH
3W4P_BPS-1d
["3W4P_BPS-1d_FH.pka", [["ASP", "221", "10.68"]]]
3W4P_BPS-1d_FH
3W4Q_PenA-1
["3W4Q_PenA-1_FH.pka", [["ASP", "214", "8.82"]]]
3W4Q_PenA-1_FH
3ZNW_PER-2

3ZNY_CTX-M-96
["3ZNY_CTX-M-96_FH.pka", [["ASP", "217", "11.32"], ["LYS", "206", "5.87"]]]
3ZNY_CTX-M-96_FH
4EUZ_SFC-1
["4EUZ_SFC-1_FH.pka", [["ASP", "225", "10.85"]]]
4EUZ_SFC-1_FH
4EWF_SPH-1
["4EWF_SPH-1_FH.pka", [["LYS", "48", "5.68"]]]
4EWF_SPH-1_FH
4MXG_BEL-1
["4MXG_BEL-1_FH.pka", [["GLU", "114", "8.35"]]]
4MXG_BEL-1_FH
4QU3_GES-2
["4QU3_GES-2_FH.pka", [["ASP", "222", "11.07"]]]
4QU3_GES-2_FH
4UA6_CTX-M-14
["4UA6_CTX-M-14_FH.pka", [["ASP", "219", "11.26"], ["LYS", "208", "5.37"]]]
4UA6_CTX-M-14_FH
4YFM_MAB-1
["4YFM_MAB-1_FH.pka", [["ASP", "214", "9.82"]]]
4YFM_MAB-1_FH
5A92_CTX-M-97
["5A92_CTX-M-97_FH.pka", [["ASP", "217", "11.01"], ["GLU", "138", "8.44"], ["LYS", "206", "5.62"]]]
5A92_CTX-M-97_FH
5E2E_BlaA
["5E2E_BlaA_FH.pka", [["ASP", "217", "10.55"]]]
5E2E_BlaA_FH
5E43_SROS-1
["5E43_SROS-1_FH.pka", [["ASP", "164", "10.41"], ["ASP", "221", "10.58"], ["LYS", "209", "5.74"]]]
5E43_SROS-1_FH
5F82_GES-5
["5F82_GES-5_FH.pka", [["ASP", "222", "10.66"], ["LYS", "211", "5.99"]]]
5F82_GES-5_FH
5GHX_PenP-1
["5GHX_PenP-1_FH.pka", [["ASP", "212", "10.99"], ["LYS", "201", "5.94"]]]
5GHX_PenP-1_FH
5HW3_BVA-1
["5HW3_BVA-1_FH.pka", [["ASP", "218", "10.95"], ["GLU", "215", "9.21"]]]
5HW3_BVA-1_FH
5NE2_L2-2
["5NE2_L2-2_FH.pka", [["ASP", "225", "10.65"]]]
5NE2_L2-2_FH
5NJ2_BlaC
["5NJ2_BlaC_FH.pka", [["ASP", "218", "11.09"], ["LYS", "207", "5.42"]]]
5NJ2_BlaC_FH
5NPO_TEM-135
["5NPO_TEM-135_FH.pka", [["ASP", "208", "8.81"]]]
5NPO_TEM-135_FH
5TFQ_HGB-2
["5TFQ_HGB-2_FH.pka", [["LYS", "214", "6.00"]]]
5TFQ_HGB-2_FH
5VPQ_BPA-1
["5VPQ_BPA-1_FH.pka", [["ASP", "174", "11.55"], ["ASP", "232", "10.55"]]]
5VPQ_BPA-1_FH
6AFM_BPS-3
["6AFM_BPS-3_FH.pka", [["ASP", "219", "10.35"]]]
6AFM_BPS-3_FH
6BN3_CTX-M-151
["6BN3_CTX-M-151_FH.pka", [["ASP", "223", "11.20"]]]
6BN3_CTX-M-151_FH
6BU3_CTX-M-27
["6BU3_CTX-M-27_FH.pka", [["ASP", "219", "10.54"]]]
6BU3_CTX-M-27_FH
6J25_CTX-M-64
["6J25_CTX-M-64_FH.pka", [["ASP", "218", "11.61"]]]
6J25_CTX-M-64_FH
6MK6_VCC-1
["6MK6_VCC-1_FH.pka", [["ASP", "217", "10.98"]]]
6MK6_VCC-1_FH
6MU9_PenP-4
["6MU9_PenP-4_FH.pka", [["ASP", "216", "10.66"]]]
6MU9_PenP-4_FH
6NIQ_RPA-1
["6NIQ_RPA-1_FH.pka", [["ASP", "164", "10.37"], ["ASP", "220", "10.28"]]]
6NIQ_RPA-1_FH
6NJ1_CKA-1
["6NJ1_CKA-1_FH.pka", [["ASP", "161", "9.58"], ["ASP", "217", "11.56"]]]
6NJ1_CKA-1_FH
6PQ9_TLA-1

6QWA_KPC-3
["6QWA_KPC-3_FH.pka", [["ASP", "221", "10.17"]]]
6QWA_KPC-3_FH
6QWB_KPC-4
["6QWB_KPC-4_FH.pka", [["ASP", "221", "10.38"], ["LYS", "209", "5.94"]]]
6QWB_KPC-4_FH
6TD0_KPC-2
["6TD0_KPC-2_FH.pka", [["ASP", "221", "10.69"]]]
6TD0_KPC-2_FH
6W2Z_BAA-83
["6W2Z_BAA-83_FH.pka", [["ASP", "216", "10.50"]]]
6W2Z_BAA-83_FH
6W34_BcI-248
["6W34_BcI-248_FH.pka", [["ASP", "216", "11.06"]]]
6W34_BcI-248_FH
6WGP_XCC-2
["6WGP_XCC-2_FH.pka", [["ASP", "223", "10.53"]]]
6WGP_XCC-2_FH
6WGR_PC1-159
["6WGR_PC1-159_FH.pka", [["ASP", "214", "10.61"], ["LYS", "202", "5.93"]]]
6WGR_PC1-159_FH
6WIP_MIA-1
["6WIP_MIA-1_FH.pka", [["ASP", "207", "13.00"]]]
6WIP_MIA-1_FH
6WJM_DBA-1
["6WJM_DBA-1_FH.pka", [["ASP", "222", "10.72"]]]
6WJM_DBA-1_FH
7A6Z_BlaC-13
["7A6Z_BlaC-13_FH.pka", [["ASP", "155", "8.35"], ["ASP", "221", "11.02"]]]
7A6Z_BlaC-13_FH
7BDR_CTX-M-15
["7BDR_CTX-M-15_FH.pka", [["ASP", "218", "11.56"], ["LYS", "207", "5.48"]]]
7BDR_CTX-M-15_FH
7DDM_PenA-39
["7DDM_PenA-39_FH.pka", [["ASP", "215", "9.93"]]]
7DDM_PenA-39_FH
7QLP_TEM-171

