-I: Adding /storage/home/hhive1/dyehorova3/.conda/envs/AmberTools22/dat/leap/prep to search path.
-I: Adding /storage/home/hhive1/dyehorova3/.conda/envs/AmberTools22/dat/leap/lib to search path.
-I: Adding /storage/home/hhive1/dyehorova3/.conda/envs/AmberTools22/dat/leap/parm to search path.
-I: Adding /storage/home/hhive1/dyehorova3/.conda/envs/AmberTools22/dat/leap/cmd to search path.
-f: Source tleap.in.

Welcome to LEaP!
(no leaprc in search path)
Sourcing: ./tleap.in
----- Source: /storage/home/hhive1/dyehorova3/.conda/envs/AmberTools22/dat/leap/cmd/leaprc.protein.ff14SB
----- Source of /storage/home/hhive1/dyehorova3/.conda/envs/AmberTools22/dat/leap/cmd/leaprc.protein.ff14SB done
Log file: ./leap.log
Loading parameters: /storage/home/hhive1/dyehorova3/.conda/envs/AmberTools22/dat/leap/parm/parm10.dat
Reading title:
PARM99 + frcmod.ff99SB + frcmod.parmbsc0 + OL3 for RNA
Loading parameters: /storage/home/hhive1/dyehorova3/.conda/envs/AmberTools22/dat/leap/parm/frcmod.ff14SB
Reading force field modification type file (frcmod)
Reading title:
ff14SB protein backbone and sidechain parameters
Loading library: /storage/home/hhive1/dyehorova3/.conda/envs/AmberTools22/dat/leap/lib/amino12.lib
Loading library: /storage/home/hhive1/dyehorova3/.conda/envs/AmberTools22/dat/leap/lib/aminoct12.lib
Loading library: /storage/home/hhive1/dyehorova3/.conda/envs/AmberTools22/dat/leap/lib/aminont12.lib
----- Source: /storage/home/hhive1/dyehorova3/.conda/envs/AmberTools22/dat/leap/cmd/leaprc.water.tip3p
----- Source of /storage/home/hhive1/dyehorova3/.conda/envs/AmberTools22/dat/leap/cmd/leaprc.water.tip3p done
Loading library: /storage/home/hhive1/dyehorova3/.conda/envs/AmberTools22/dat/leap/lib/atomic_ions.lib
Loading library: /storage/home/hhive1/dyehorova3/.conda/envs/AmberTools22/dat/leap/lib/solvents.lib
Loading parameters: /storage/home/hhive1/dyehorova3/.conda/envs/AmberTools22/dat/leap/parm/frcmod.tip3p
Reading force field modification type file (frcmod)
Reading title:
This is the additional/replacement parameter set for TIP3P water
Loading parameters: /storage/home/hhive1/dyehorova3/.conda/envs/AmberTools22/dat/leap/parm/frcmod.ions1lm_126_tip3p
Reading force field modification type file (frcmod)
Reading title:
Li/Merz ion parameters of monovalent ions for TIP3P water model (12-6 normal usage set)
Loading parameters: /storage/home/hhive1/dyehorova3/.conda/envs/AmberTools22/dat/leap/parm/frcmod.ionsjc_tip3p
Reading force field modification type file (frcmod)
Reading title:
Monovalent ion parameters for Ewald and TIP3P water from Joung & Cheatham JPCB (2008)
Loading parameters: /storage/home/hhive1/dyehorova3/.conda/envs/AmberTools22/dat/leap/parm/frcmod.ions234lm_126_tip3p
Reading force field modification type file (frcmod)
Reading title:
Li/Merz ion parameters of divalent to tetravalent ions for TIP3P water model (12-6 normal usage set)
Loading PDB file: ./4EWF_SPH-1_apo.pdb
Created a new atom named: HZ1 within residue: .R<LYN 209>
  total atoms in file: 3956
  The file contained 1 atoms not in residue templates
  Solute vdw bounding box:              61.358 41.183 50.530
  Total bounding box for atom centers:  85.358 65.183 74.530
  Solvent unit box:                     18.774 18.774 18.774
  Total vdw box size:                   88.544 68.060 77.685 angstroms.
  Volume: 468148.352 A^3 
  Mass > 232914.998 amu,  Density > 0.826 g/cc
      (type - hence mass - of one or more atoms could not be found)
  Added 11373 residues.
10 Na+ ions required to neutralize.
Adding 10 counter ions to "4EWF_SPH-1_apo". 11363 solvent molecules will remain.
0: Placed Na+ in 4EWF_SPH-1_apo at (17.68, 4.89, -28.00).
0: Placed Na+ in 4EWF_SPH-1_apo at (20.10, -17.46, 30.29).
0: Placed Na+ in 4EWF_SPH-1_apo at (-0.58, -24.33, 5.89).
0: Placed Na+ in 4EWF_SPH-1_apo at (-30.44, 14.90, -25.69).
0: Placed Na+ in 4EWF_SPH-1_apo at (-1.03, 24.67, -16.24).
0: Placed Na+ in 4EWF_SPH-1_apo at (14.53, -12.19, 16.04).
0: Placed Na+ in 4EWF_SPH-1_apo at (38.48, -22.06, -36.12).
0: Placed Na+ in 4EWF_SPH-1_apo at (-3.35, 13.05, -20.93).
0: Placed Na+ in 4EWF_SPH-1_apo at (-0.58, 31.99, -31.66).
0: Placed Na+ in 4EWF_SPH-1_apo at (40.45, 32.26, -0.59).

/storage/home/hhive1/dyehorova3/.conda/envs/AmberTools22/bin/teLeap: Warning!
addIonsRand: 1st Ion & target unit have charges of the same sign:
     unit charge = -6.03961e-14; ion1 charge = -1;
     can't neutralize.
Writing pdb file: 4EWF_SPH-1_apo_postleap.pdb
   printing CRYST1 record to PDB file with box info

/storage/home/hhive1/dyehorova3/.conda/envs/AmberTools22/bin/teLeap: Warning!
 Converting N-terminal residue name to PDB format: NTHR -> THR

/storage/home/hhive1/dyehorova3/.conda/envs/AmberTools22/bin/teLeap: Warning!
 Converting C-terminal residue name to PDB format: CALA -> ALA
Checking Unit.
FATAL:  Atom .R<LYN 209>.A<HZ1 22> does not have a type.

/storage/home/hhive1/dyehorova3/.conda/envs/AmberTools22/bin/teLeap: Fatal Error!
Failed to generate parameters

Exiting LEaP: Errors = 1; Warnings = 3; Notes = 0.
