-I: Adding /storage/home/hhive1/dyehorova3/.conda/envs/Kif/dat/leap/prep to search path.
-I: Adding /storage/home/hhive1/dyehorova3/.conda/envs/Kif/dat/leap/lib to search path.
-I: Adding /storage/home/hhive1/dyehorova3/.conda/envs/Kif/dat/leap/parm to search path.
-I: Adding /storage/home/hhive1/dyehorova3/.conda/envs/Kif/dat/leap/cmd to search path.
-f: Source tleap.in.

Welcome to LEaP!
(no leaprc in search path)
Sourcing: ./tleap.in
----- Source: /storage/home/hhive1/dyehorova3/.conda/envs/Kif/dat/leap/cmd/leaprc.protein.ff14SB
----- Source of /storage/home/hhive1/dyehorova3/.conda/envs/Kif/dat/leap/cmd/leaprc.protein.ff14SB done
Log file: ./leap.log
Loading parameters: /storage/home/hhive1/dyehorova3/.conda/envs/Kif/dat/leap/parm/parm10.dat
Reading title:
PARM99 + frcmod.ff99SB + frcmod.parmbsc0 + OL3 for RNA
Loading parameters: /storage/home/hhive1/dyehorova3/.conda/envs/Kif/dat/leap/parm/frcmod.ff14SB
Reading force field modification type file (frcmod)
Reading title:
ff14SB protein backbone and sidechain parameters
Loading library: /storage/home/hhive1/dyehorova3/.conda/envs/Kif/dat/leap/lib/amino12.lib
Loading library: /storage/home/hhive1/dyehorova3/.conda/envs/Kif/dat/leap/lib/aminoct12.lib
Loading library: /storage/home/hhive1/dyehorova3/.conda/envs/Kif/dat/leap/lib/aminont12.lib
----- Source: /storage/home/hhive1/dyehorova3/.conda/envs/Kif/dat/leap/cmd/leaprc.water.tip3p
----- Source of /storage/home/hhive1/dyehorova3/.conda/envs/Kif/dat/leap/cmd/leaprc.water.tip3p done
Loading library: /storage/home/hhive1/dyehorova3/.conda/envs/Kif/dat/leap/lib/atomic_ions.lib
Loading library: /storage/home/hhive1/dyehorova3/.conda/envs/Kif/dat/leap/lib/solvents.lib
Loading parameters: /storage/home/hhive1/dyehorova3/.conda/envs/Kif/dat/leap/parm/frcmod.tip3p
Reading force field modification type file (frcmod)
Reading title:
This is the additional/replacement parameter set for TIP3P water
Loading parameters: /storage/home/hhive1/dyehorova3/.conda/envs/Kif/dat/leap/parm/frcmod.ions1lm_126_tip3p
Reading force field modification type file (frcmod)
Reading title:
Li/Merz ion parameters of monovalent ions for TIP3P water model (12-6 normal usage set)
Loading parameters: /storage/home/hhive1/dyehorova3/.conda/envs/Kif/dat/leap/parm/frcmod.ionsjc_tip3p
Reading force field modification type file (frcmod)
Reading title:
Monovalent ion parameters for Ewald and TIP3P water from Joung & Cheatham JPCB (2008)
Loading parameters: /storage/home/hhive1/dyehorova3/.conda/envs/Kif/dat/leap/parm/frcmod.ions234lm_126_tip3p
Reading force field modification type file (frcmod)
Reading title:
Li/Merz ion parameters of divalent to tetravalent ions for TIP3P water model (12-6 normal usage set)
Loading PDB file: ./6MU9_PenP-4_apo.pdb
  total atoms in file: 4116
  Leap added 1 missing atom according to residue templates:
       1 H / lone pairs
  Solute vdw bounding box:              44.205 53.423 59.813
  Total bounding box for atom centers:  68.205 77.423 83.813
  Solvent unit box:                     18.774 18.774 18.774
  Total vdw box size:                   71.546 80.729 86.599 angstroms.
  Volume: 500182.494 A^3 
  Total mass 246504.950 amu,  Density 0.818 g/cc
  Added 12057 residues.
6 Na+ ions required to neutralize.
Adding 6 counter ions to "6MU9_PenP-4_apo". 12051 solvent molecules will remain.
0: Placed Na+ in 6MU9_PenP-4_apo at (-25.14, 33.04, 41.40).
0: Placed Na+ in 6MU9_PenP-4_apo at (7.58, -25.69, 38.76).
0: Placed Na+ in 6MU9_PenP-4_apo at (-4.84, -30.12, 20.01).
0: Placed Na+ in 6MU9_PenP-4_apo at (-31.28, 20.93, -34.75).
0: Placed Na+ in 6MU9_PenP-4_apo at (8.66, -26.61, 31.78).
0: Placed Na+ in 6MU9_PenP-4_apo at (9.37, 16.92, -33.48).

/storage/home/hhive1/dyehorova3/.conda/envs/Kif/bin/teLeap: Warning!
addIonsRand: 1st Ion & target unit have charges of the same sign:
     unit charge = -1.95399e-14; ion1 charge = -1;
     can't neutralize.
Writing pdb file: 6MU9_PenP-4_apo_postleap.pdb
   printing CRYST1 record to PDB file with box info

/storage/home/hhive1/dyehorova3/.conda/envs/Kif/bin/teLeap: Warning!
 Converting N-terminal residue name to PDB format: NTHR -> THR

/storage/home/hhive1/dyehorova3/.conda/envs/Kif/bin/teLeap: Warning!
 Converting C-terminal residue name to PDB format: CLYS -> LYS
Checking Unit.
Building topology.
Building atom parameters.
Building bond parameters.
Building angle parameters.
Building proper torsion parameters.
Building improper torsion parameters.
 total 803 improper torsions applied
Building H-Bond parameters.
Incorporating Non-Bonded adjustments.
Not Marking per-residue atom chain types.
Marking per-residue atom chain types.
  (Residues lacking connect0/connect1 - 
   these don't have chain types marked:

	res	total affected

	CLYS	1
	NTHR	1
	WAT	12051
  )
 (no restraints)
	Quit

Exiting LEaP: Errors = 0; Warnings = 3; Notes = 0.
