-I: Adding /storage/home/hhive1/dyehorova3/.conda/envs/AmberTools22/dat/leap/prep to search path.
-I: Adding /storage/home/hhive1/dyehorova3/.conda/envs/AmberTools22/dat/leap/lib to search path.
-I: Adding /storage/home/hhive1/dyehorova3/.conda/envs/AmberTools22/dat/leap/parm to search path.
-I: Adding /storage/home/hhive1/dyehorova3/.conda/envs/AmberTools22/dat/leap/cmd to search path.
-f: Source tleap.in.

Welcome to LEaP!
(no leaprc in search path)
Sourcing: ./tleap.in
----- Source: /storage/home/hhive1/dyehorova3/.conda/envs/AmberTools22/dat/leap/cmd/leaprc.protein.ff14SB
----- Source of /storage/home/hhive1/dyehorova3/.conda/envs/AmberTools22/dat/leap/cmd/leaprc.protein.ff14SB done
Log file: ./leap.log
Loading parameters: /storage/home/hhive1/dyehorova3/.conda/envs/AmberTools22/dat/leap/parm/parm10.dat
Reading title:
PARM99 + frcmod.ff99SB + frcmod.parmbsc0 + OL3 for RNA
Loading parameters: /storage/home/hhive1/dyehorova3/.conda/envs/AmberTools22/dat/leap/parm/frcmod.ff14SB
Reading force field modification type file (frcmod)
Reading title:
ff14SB protein backbone and sidechain parameters
Loading library: /storage/home/hhive1/dyehorova3/.conda/envs/AmberTools22/dat/leap/lib/amino12.lib
Loading library: /storage/home/hhive1/dyehorova3/.conda/envs/AmberTools22/dat/leap/lib/aminoct12.lib
Loading library: /storage/home/hhive1/dyehorova3/.conda/envs/AmberTools22/dat/leap/lib/aminont12.lib
----- Source: /storage/home/hhive1/dyehorova3/.conda/envs/AmberTools22/dat/leap/cmd/leaprc.water.tip3p
----- Source of /storage/home/hhive1/dyehorova3/.conda/envs/AmberTools22/dat/leap/cmd/leaprc.water.tip3p done
Loading library: /storage/home/hhive1/dyehorova3/.conda/envs/AmberTools22/dat/leap/lib/atomic_ions.lib
Loading library: /storage/home/hhive1/dyehorova3/.conda/envs/AmberTools22/dat/leap/lib/solvents.lib
Loading parameters: /storage/home/hhive1/dyehorova3/.conda/envs/AmberTools22/dat/leap/parm/frcmod.tip3p
Reading force field modification type file (frcmod)
Reading title:
This is the additional/replacement parameter set for TIP3P water
Loading parameters: /storage/home/hhive1/dyehorova3/.conda/envs/AmberTools22/dat/leap/parm/frcmod.ions1lm_126_tip3p
Reading force field modification type file (frcmod)
Reading title:
Li/Merz ion parameters of monovalent ions for TIP3P water model (12-6 normal usage set)
Loading parameters: /storage/home/hhive1/dyehorova3/.conda/envs/AmberTools22/dat/leap/parm/frcmod.ionsjc_tip3p
Reading force field modification type file (frcmod)
Reading title:
Monovalent ion parameters for Ewald and TIP3P water from Joung & Cheatham JPCB (2008)
Loading parameters: /storage/home/hhive1/dyehorova3/.conda/envs/AmberTools22/dat/leap/parm/frcmod.ions234lm_126_tip3p
Reading force field modification type file (frcmod)
Reading title:
Li/Merz ion parameters of divalent to tetravalent ions for TIP3P water model (12-6 normal usage set)
Loading PDB file: ./3QHY_BcI-2_apo.pdb
  total atoms in file: 3985
  Leap added 1 missing atom according to residue templates:
       1 H / lone pairs
  Solute vdw bounding box:              50.745 60.552 44.559
  Total bounding box for atom centers:  74.745 84.552 68.559
  Solvent unit box:                     18.774 18.774 18.774
  Total vdw box size:                   77.725 87.922 71.778 angstroms.
  Volume: 490505.139 A^3 
  Total mass 244669.418 amu,  Density 0.828 g/cc
  Added 12013 residues.

/storage/home/hhive1/dyehorova3/.conda/envs/AmberTools22/bin/teLeap: Warning!
addIonsRand: 1st Ion & target unit have charges of the same sign:
     unit charge = 3; ion1 charge = 1;
     can't neutralize.
3 Cl- ions required to neutralize.
Adding 3 counter ions to "3QHY_BcI-2_apo". 12010 solvent molecules will remain.
0: Placed Cl- in 3QHY_BcI-2_apo at (-31.04, -39.73, 9.80).
0: Placed Cl- in 3QHY_BcI-2_apo at (-10.14, 8.64, -31.32).
0: Placed Cl- in 3QHY_BcI-2_apo at (0.45, 17.64, -27.23).
Writing pdb file: 3QHY_BcI-2_apo_postleap.pdb
   printing CRYST1 record to PDB file with box info

/storage/home/hhive1/dyehorova3/.conda/envs/AmberTools22/bin/teLeap: Warning!
 Converting N-terminal residue name to PDB format: NTHR -> THR

/storage/home/hhive1/dyehorova3/.conda/envs/AmberTools22/bin/teLeap: Warning!
 Converting C-terminal residue name to PDB format: CARG -> ARG
Checking Unit.
Building topology.
Building atom parameters.
Building bond parameters.
Building angle parameters.
Building proper torsion parameters.
Building improper torsion parameters.
 total 787 improper torsions applied
Building H-Bond parameters.
Incorporating Non-Bonded adjustments.
Not Marking per-residue atom chain types.
Marking per-residue atom chain types.
  (Residues lacking connect0/connect1 - 
   these don't have chain types marked:

	res	total affected

	CARG	1
	NTHR	1
	WAT	12010
  )
 (no restraints)
	Quit

Exiting LEaP: Errors = 0; Warnings = 3; Notes = 0.
