-I: Adding /storage/home/hhive1/dyehorova3/.conda/envs/Kif/dat/leap/prep to search path.
-I: Adding /storage/home/hhive1/dyehorova3/.conda/envs/Kif/dat/leap/lib to search path.
-I: Adding /storage/home/hhive1/dyehorova3/.conda/envs/Kif/dat/leap/parm to search path.
-I: Adding /storage/home/hhive1/dyehorova3/.conda/envs/Kif/dat/leap/cmd to search path.
-f: Source tleap.in.

Welcome to LEaP!
(no leaprc in search path)
Sourcing: ./tleap.in
----- Source: /storage/home/hhive1/dyehorova3/.conda/envs/Kif/dat/leap/cmd/leaprc.protein.ff14SB
----- Source of /storage/home/hhive1/dyehorova3/.conda/envs/Kif/dat/leap/cmd/leaprc.protein.ff14SB done
Log file: ./leap.log
Loading parameters: /storage/home/hhive1/dyehorova3/.conda/envs/Kif/dat/leap/parm/parm10.dat
Reading title:
PARM99 + frcmod.ff99SB + frcmod.parmbsc0 + OL3 for RNA
Loading parameters: /storage/home/hhive1/dyehorova3/.conda/envs/Kif/dat/leap/parm/frcmod.ff14SB
Reading force field modification type file (frcmod)
Reading title:
ff14SB protein backbone and sidechain parameters
Loading library: /storage/home/hhive1/dyehorova3/.conda/envs/Kif/dat/leap/lib/amino12.lib
Loading library: /storage/home/hhive1/dyehorova3/.conda/envs/Kif/dat/leap/lib/aminoct12.lib
Loading library: /storage/home/hhive1/dyehorova3/.conda/envs/Kif/dat/leap/lib/aminont12.lib
----- Source: /storage/home/hhive1/dyehorova3/.conda/envs/Kif/dat/leap/cmd/leaprc.water.tip3p
----- Source of /storage/home/hhive1/dyehorova3/.conda/envs/Kif/dat/leap/cmd/leaprc.water.tip3p done
Loading library: /storage/home/hhive1/dyehorova3/.conda/envs/Kif/dat/leap/lib/atomic_ions.lib
Loading library: /storage/home/hhive1/dyehorova3/.conda/envs/Kif/dat/leap/lib/solvents.lib
Loading parameters: /storage/home/hhive1/dyehorova3/.conda/envs/Kif/dat/leap/parm/frcmod.tip3p
Reading force field modification type file (frcmod)
Reading title:
This is the additional/replacement parameter set for TIP3P water
Loading parameters: /storage/home/hhive1/dyehorova3/.conda/envs/Kif/dat/leap/parm/frcmod.ions1lm_126_tip3p
Reading force field modification type file (frcmod)
Reading title:
Li/Merz ion parameters of monovalent ions for TIP3P water model (12-6 normal usage set)
Loading parameters: /storage/home/hhive1/dyehorova3/.conda/envs/Kif/dat/leap/parm/frcmod.ionsjc_tip3p
Reading force field modification type file (frcmod)
Reading title:
Monovalent ion parameters for Ewald and TIP3P water from Joung & Cheatham JPCB (2008)
Loading parameters: /storage/home/hhive1/dyehorova3/.conda/envs/Kif/dat/leap/parm/frcmod.ions234lm_126_tip3p
Reading force field modification type file (frcmod)
Reading title:
Li/Merz ion parameters of divalent to tetravalent ions for TIP3P water model (12-6 normal usage set)
Loading PDB file: ./1GHP_PC1-1_apo.pdb
  total atoms in file: 4146
  Leap added 1 missing atom according to residue templates:
       1 H / lone pairs
  Solute vdw bounding box:              59.440 44.580 50.983
  Total bounding box for atom centers:  83.440 68.580 74.983
  Solvent unit box:                     18.774 18.774 18.774
  Total vdw box size:                   86.344 71.808 77.685 angstroms.
  Volume: 481663.451 A^3 
  Total mass 239290.392 amu,  Density 0.825 g/cc
  Added 11683 residues.

/storage/home/hhive1/dyehorova3/.conda/envs/Kif/bin/teLeap: Warning!
addIonsRand: 1st Ion & target unit have charges of the same sign:
     unit charge = 15; ion1 charge = 1;
     can't neutralize.
15 Cl- ions required to neutralize.
Adding 15 counter ions to "1GHP_PC1-1_apo". 11668 solvent molecules will remain.
0: Placed Cl- in 1GHP_PC1-1_apo at (36.17, -27.46, 24.28).
0: Placed Cl- in 1GHP_PC1-1_apo at (34.70, -20.37, -22.66).
0: Placed Cl- in 1GHP_PC1-1_apo at (26.41, -30.41, -6.48).
0: Placed Cl- in 1GHP_PC1-1_apo at (-9.34, -13.54, -24.16).
0: Placed Cl- in 1GHP_PC1-1_apo at (-17.29, -4.82, -21.91).
0: Placed Cl- in 1GHP_PC1-1_apo at (-34.32, 4.77, 16.65).
0: Placed Cl- in 1GHP_PC1-1_apo at (-23.15, -17.07, 32.73).
0: Placed Cl- in 1GHP_PC1-1_apo at (-28.31, -26.09, -29.39).
0: Placed Cl- in 1GHP_PC1-1_apo at (-19.98, -14.01, 9.55).
0: Placed Cl- in 1GHP_PC1-1_apo at (-37.21, 12.91, -27.88).
0: Placed Cl- in 1GHP_PC1-1_apo at (-25.83, -6.80, -21.74).
0: Placed Cl- in 1GHP_PC1-1_apo at (-25.12, 33.11, 13.32).
0: Placed Cl- in 1GHP_PC1-1_apo at (-21.33, -5.60, -27.58).
0: Placed Cl- in 1GHP_PC1-1_apo at (24.81, 32.66, -17.60).
0: Placed Cl- in 1GHP_PC1-1_apo at (-22.64, 22.20, 34.89).
Writing pdb file: 1GHP_PC1-1_apo_postleap.pdb
   printing CRYST1 record to PDB file with box info

/storage/home/hhive1/dyehorova3/.conda/envs/Kif/bin/teLeap: Warning!
 Converting N-terminal residue name to PDB format: NLYS -> LYS

/storage/home/hhive1/dyehorova3/.conda/envs/Kif/bin/teLeap: Warning!
 Converting C-terminal residue name to PDB format: CPHE -> PHE
Checking Unit.
Building topology.
Building atom parameters.
Building bond parameters.
Building angle parameters.
Building proper torsion parameters.
Building improper torsion parameters.
 total 739 improper torsions applied
Building H-Bond parameters.
Incorporating Non-Bonded adjustments.
Not Marking per-residue atom chain types.
Marking per-residue atom chain types.
  (Residues lacking connect0/connect1 - 
   these don't have chain types marked:

	res	total affected

	CPHE	1
	NLYS	1
	WAT	11668
  )
 (no restraints)
	Quit

Exiting LEaP: Errors = 0; Warnings = 3; Notes = 0.
