-I: Adding /storage/home/hhive1/dyehorova3/.conda/envs/Kif/dat/leap/prep to search path.
-I: Adding /storage/home/hhive1/dyehorova3/.conda/envs/Kif/dat/leap/lib to search path.
-I: Adding /storage/home/hhive1/dyehorova3/.conda/envs/Kif/dat/leap/parm to search path.
-I: Adding /storage/home/hhive1/dyehorova3/.conda/envs/Kif/dat/leap/cmd to search path.
-f: Source tleap.in.

Welcome to LEaP!
(no leaprc in search path)
Sourcing: ./tleap.in
----- Source: /storage/home/hhive1/dyehorova3/.conda/envs/Kif/dat/leap/cmd/leaprc.protein.ff14SB
----- Source of /storage/home/hhive1/dyehorova3/.conda/envs/Kif/dat/leap/cmd/leaprc.protein.ff14SB done
Log file: ./leap.log
Loading parameters: /storage/home/hhive1/dyehorova3/.conda/envs/Kif/dat/leap/parm/parm10.dat
Reading title:
PARM99 + frcmod.ff99SB + frcmod.parmbsc0 + OL3 for RNA
Loading parameters: /storage/home/hhive1/dyehorova3/.conda/envs/Kif/dat/leap/parm/frcmod.ff14SB
Reading force field modification type file (frcmod)
Reading title:
ff14SB protein backbone and sidechain parameters
Loading library: /storage/home/hhive1/dyehorova3/.conda/envs/Kif/dat/leap/lib/amino12.lib
Loading library: /storage/home/hhive1/dyehorova3/.conda/envs/Kif/dat/leap/lib/aminoct12.lib
Loading library: /storage/home/hhive1/dyehorova3/.conda/envs/Kif/dat/leap/lib/aminont12.lib
----- Source: /storage/home/hhive1/dyehorova3/.conda/envs/Kif/dat/leap/cmd/leaprc.water.tip3p
----- Source of /storage/home/hhive1/dyehorova3/.conda/envs/Kif/dat/leap/cmd/leaprc.water.tip3p done
Loading library: /storage/home/hhive1/dyehorova3/.conda/envs/Kif/dat/leap/lib/atomic_ions.lib
Loading library: /storage/home/hhive1/dyehorova3/.conda/envs/Kif/dat/leap/lib/solvents.lib
Loading parameters: /storage/home/hhive1/dyehorova3/.conda/envs/Kif/dat/leap/parm/frcmod.tip3p
Reading force field modification type file (frcmod)
Reading title:
This is the additional/replacement parameter set for TIP3P water
Loading parameters: /storage/home/hhive1/dyehorova3/.conda/envs/Kif/dat/leap/parm/frcmod.ions1lm_126_tip3p
Reading force field modification type file (frcmod)
Reading title:
Li/Merz ion parameters of monovalent ions for TIP3P water model (12-6 normal usage set)
Loading parameters: /storage/home/hhive1/dyehorova3/.conda/envs/Kif/dat/leap/parm/frcmod.ionsjc_tip3p
Reading force field modification type file (frcmod)
Reading title:
Monovalent ion parameters for Ewald and TIP3P water from Joung & Cheatham JPCB (2008)
Loading parameters: /storage/home/hhive1/dyehorova3/.conda/envs/Kif/dat/leap/parm/frcmod.ions234lm_126_tip3p
Reading force field modification type file (frcmod)
Reading title:
Li/Merz ion parameters of divalent to tetravalent ions for TIP3P water model (12-6 normal usage set)
Loading PDB file: ./3LEZ_OIH-1_apo.pdb
Created a new atom named: HZ1 within residue: .R<LYN 203>
  total atoms in file: 3964
  Leap added 1 missing atom according to residue templates:
       1 H / lone pairs
  The file contained 1 atoms not in residue templates

/storage/home/hhive1/dyehorova3/.conda/envs/Kif/bin/teLeap: Warning!
Since the number of added atoms equals the number of missing atoms, it is likely
that some atoms had incorrect names; you may want to use addPdbAtomMap to map
these names, or change the names in the PDB file.

  Solute vdw bounding box:              54.466 59.361 41.399
  Total bounding box for atom centers:  78.466 83.361 65.399
  Solvent unit box:                     18.774 18.774 18.774
  Total vdw box size:                   81.695 86.834 68.610 angstroms.
  Volume: 486717.811 A^3 
  Mass > 240169.342 amu,  Density > 0.819 g/cc
      (type - hence mass - of one or more atoms could not be found)
  Added 11732 residues.
39 Na+ ions required to neutralize.
Adding 39 counter ions to "3LEZ_OIH-1_apo". 11693 solvent molecules will remain.
0: Placed Na+ in 3LEZ_OIH-1_apo at (24.50, -33.47, 24.43).
0: Placed Na+ in 3LEZ_OIH-1_apo at (35.28, 24.82, -16.02).
0: Placed Na+ in 3LEZ_OIH-1_apo at (34.61, 25.25, -20.16).
0: Placed Na+ in 3LEZ_OIH-1_apo at (-3.23, 39.63, 30.90).
0: Placed Na+ in 3LEZ_OIH-1_apo at (20.04, 37.26, 5.01).
0: Placed Na+ in 3LEZ_OIH-1_apo at (-36.76, -17.79, 9.65).
0: Placed Na+ in 3LEZ_OIH-1_apo at (2.68, -14.67, 18.17).
0: Placed Na+ in 3LEZ_OIH-1_apo at (-34.64, 32.98, 13.17).
0: Placed Na+ in 3LEZ_OIH-1_apo at (-23.26, -7.55, 13.94).
0: Placed Na+ in 3LEZ_OIH-1_apo at (37.44, 0.25, -18.31).
0: Placed Na+ in 3LEZ_OIH-1_apo at (-32.12, -30.05, -5.15).
0: Placed Na+ in 3LEZ_OIH-1_apo at (-8.82, -1.15, -27.35).
0: Placed Na+ in 3LEZ_OIH-1_apo at (-12.26, -38.66, 1.90).
0: Placed Na+ in 3LEZ_OIH-1_apo at (-5.17, -7.25, 21.34).
0: Placed Na+ in 3LEZ_OIH-1_apo at (4.91, -38.54, -19.75).
0: Placed Na+ in 3LEZ_OIH-1_apo at (-38.39, 10.87, 3.56).
0: Placed Na+ in 3LEZ_OIH-1_apo at (9.95, 17.63, 28.97).
0: Placed Na+ in 3LEZ_OIH-1_apo at (12.22, 25.86, 3.96).
0: Placed Na+ in 3LEZ_OIH-1_apo at (-24.36, 9.95, 24.74).
0: Placed Na+ in 3LEZ_OIH-1_apo at (-25.20, 36.68, 5.29).
0: Placed Na+ in 3LEZ_OIH-1_apo at (28.90, 18.22, -17.40).
0: Placed Na+ in 3LEZ_OIH-1_apo at (21.68, -4.57, -5.60).
0: Placed Na+ in 3LEZ_OIH-1_apo at (37.78, 3.66, 28.43).
0: Placed Na+ in 3LEZ_OIH-1_apo at (34.93, -17.55, 3.22).
0: Placed Na+ in 3LEZ_OIH-1_apo at (-32.22, 15.34, 15.41).
0: Placed Na+ in 3LEZ_OIH-1_apo at (15.50, -29.33, 24.40).
0: Placed Na+ in 3LEZ_OIH-1_apo at (15.80, 30.04, -13.16).
0: Placed Na+ in 3LEZ_OIH-1_apo at (36.06, -36.71, -32.06).
0: Placed Na+ in 3LEZ_OIH-1_apo at (-4.17, -39.95, -12.37).
0: Placed Na+ in 3LEZ_OIH-1_apo at (-27.05, 23.65, -13.87).
0: Placed Na+ in 3LEZ_OIH-1_apo at (1.45, 39.43, -21.67).
0: Placed Na+ in 3LEZ_OIH-1_apo at (9.14, 20.97, 26.93).
0: Placed Na+ in 3LEZ_OIH-1_apo at (-36.73, -31.20, 12.72).
0: Placed Na+ in 3LEZ_OIH-1_apo at (1.54, -19.42, 15.15).
0: Placed Na+ in 3LEZ_OIH-1_apo at (18.74, -28.44, -0.49).
0: Placed Na+ in 3LEZ_OIH-1_apo at (-21.54, 16.58, -27.87).
0: Placed Na+ in 3LEZ_OIH-1_apo at (-16.87, -16.22, -13.33).
0: Placed Na+ in 3LEZ_OIH-1_apo at (32.90, -35.07, -29.71).
0: Placed Na+ in 3LEZ_OIH-1_apo at (14.82, -26.30, 8.68).

/storage/home/hhive1/dyehorova3/.conda/envs/Kif/bin/teLeap: Warning!
addIonsRand: 1st Ion & target unit have charges of the same sign:
     unit charge = -9.9476e-14; ion1 charge = -1;
     can't neutralize.
Writing pdb file: 3LEZ_OIH-1_apo_postleap.pdb
   printing CRYST1 record to PDB file with box info

/storage/home/hhive1/dyehorova3/.conda/envs/Kif/bin/teLeap: Warning!
 Converting N-terminal residue name to PDB format: NGLY -> GLY

/storage/home/hhive1/dyehorova3/.conda/envs/Kif/bin/teLeap: Warning!
 Converting C-terminal residue name to PDB format: CASN -> ASN
Checking Unit.
FATAL:  Atom .R<LYN 203>.A<HZ1 22> does not have a type.

/storage/home/hhive1/dyehorova3/.conda/envs/Kif/bin/teLeap: Fatal Error!
Failed to generate parameters

Exiting LEaP: Errors = 1; Warnings = 4; Notes = 0.
