-I: Adding /storage/home/hhive1/dyehorova3/.conda/envs/AmberTools22/dat/leap/prep to search path.
-I: Adding /storage/home/hhive1/dyehorova3/.conda/envs/AmberTools22/dat/leap/lib to search path.
-I: Adding /storage/home/hhive1/dyehorova3/.conda/envs/AmberTools22/dat/leap/parm to search path.
-I: Adding /storage/home/hhive1/dyehorova3/.conda/envs/AmberTools22/dat/leap/cmd to search path.
-f: Source tleap.in.

Welcome to LEaP!
(no leaprc in search path)
Sourcing: ./tleap.in
----- Source: /storage/home/hhive1/dyehorova3/.conda/envs/AmberTools22/dat/leap/cmd/leaprc.protein.ff14SB
----- Source of /storage/home/hhive1/dyehorova3/.conda/envs/AmberTools22/dat/leap/cmd/leaprc.protein.ff14SB done
Log file: ./leap.log
Loading parameters: /storage/home/hhive1/dyehorova3/.conda/envs/AmberTools22/dat/leap/parm/parm10.dat
Reading title:
PARM99 + frcmod.ff99SB + frcmod.parmbsc0 + OL3 for RNA
Loading parameters: /storage/home/hhive1/dyehorova3/.conda/envs/AmberTools22/dat/leap/parm/frcmod.ff14SB
Reading force field modification type file (frcmod)
Reading title:
ff14SB protein backbone and sidechain parameters
Loading library: /storage/home/hhive1/dyehorova3/.conda/envs/AmberTools22/dat/leap/lib/amino12.lib
Loading library: /storage/home/hhive1/dyehorova3/.conda/envs/AmberTools22/dat/leap/lib/aminoct12.lib
Loading library: /storage/home/hhive1/dyehorova3/.conda/envs/AmberTools22/dat/leap/lib/aminont12.lib
----- Source: /storage/home/hhive1/dyehorova3/.conda/envs/AmberTools22/dat/leap/cmd/leaprc.water.tip3p
----- Source of /storage/home/hhive1/dyehorova3/.conda/envs/AmberTools22/dat/leap/cmd/leaprc.water.tip3p done
Loading library: /storage/home/hhive1/dyehorova3/.conda/envs/AmberTools22/dat/leap/lib/atomic_ions.lib
Loading library: /storage/home/hhive1/dyehorova3/.conda/envs/AmberTools22/dat/leap/lib/solvents.lib
Loading parameters: /storage/home/hhive1/dyehorova3/.conda/envs/AmberTools22/dat/leap/parm/frcmod.tip3p
Reading force field modification type file (frcmod)
Reading title:
This is the additional/replacement parameter set for TIP3P water
Loading parameters: /storage/home/hhive1/dyehorova3/.conda/envs/AmberTools22/dat/leap/parm/frcmod.ions1lm_126_tip3p
Reading force field modification type file (frcmod)
Reading title:
Li/Merz ion parameters of monovalent ions for TIP3P water model (12-6 normal usage set)
Loading parameters: /storage/home/hhive1/dyehorova3/.conda/envs/AmberTools22/dat/leap/parm/frcmod.ionsjc_tip3p
Reading force field modification type file (frcmod)
Reading title:
Monovalent ion parameters for Ewald and TIP3P water from Joung & Cheatham JPCB (2008)
Loading parameters: /storage/home/hhive1/dyehorova3/.conda/envs/AmberTools22/dat/leap/parm/frcmod.ions234lm_126_tip3p
Reading force field modification type file (frcmod)
Reading title:
Li/Merz ion parameters of divalent to tetravalent ions for TIP3P water model (12-6 normal usage set)
Loading PDB file: ./6QWB_KPC-4_apo.pdb
Created a new atom named: HZ1 within residue: .R<LYN 209>
  total atoms in file: 4001
  Leap added 1 missing atom according to residue templates:
       1 H / lone pairs
  The file contained 1 atoms not in residue templates

/storage/home/hhive1/dyehorova3/.conda/envs/AmberTools22/bin/teLeap: Warning!
Since the number of added atoms equals the number of missing atoms, it is likely
that some atoms had incorrect names; you may want to use addPdbAtomMap to map
these names, or change the names in the PDB file.

  Solute vdw bounding box:              43.981 50.026 62.927
  Total bounding box for atom centers:  67.981 74.026 86.927
  Solvent unit box:                     18.774 18.774 18.774
  Total vdw box size:                   70.800 77.306 90.199 angstroms.
  Volume: 493679.579 A^3 
  Mass > 245657.270 amu,  Density > 0.826 g/cc
      (type - hence mass - of one or more atoms could not be found)
  Added 12054 residues.

/storage/home/hhive1/dyehorova3/.conda/envs/AmberTools22/bin/teLeap: Warning!
addIonsRand: 1st Ion & target unit have charges of the same sign:
     unit charge = 3.24185e-14; ion1 charge = 1;
     can't neutralize.
 0.000000 0 1 0
0 Cl- ion required to neutralize.
Writing pdb file: 6QWB_KPC-4_apo_postleap.pdb
   printing CRYST1 record to PDB file with box info

/storage/home/hhive1/dyehorova3/.conda/envs/AmberTools22/bin/teLeap: Warning!
 Converting N-terminal residue name to PDB format: NLEU -> LEU

/storage/home/hhive1/dyehorova3/.conda/envs/AmberTools22/bin/teLeap: Warning!
 Converting C-terminal residue name to PDB format: CGLN -> GLN
Checking Unit.
FATAL:  Atom .R<LYN 209>.A<HZ1 22> does not have a type.

/storage/home/hhive1/dyehorova3/.conda/envs/AmberTools22/bin/teLeap: Fatal Error!
Failed to generate parameters

Exiting LEaP: Errors = 1; Warnings = 4; Notes = 0.
