-I: Adding /storage/home/hhive1/dyehorova3/.conda/envs/Kif/dat/leap/prep to search path.
-I: Adding /storage/home/hhive1/dyehorova3/.conda/envs/Kif/dat/leap/lib to search path.
-I: Adding /storage/home/hhive1/dyehorova3/.conda/envs/Kif/dat/leap/parm to search path.
-I: Adding /storage/home/hhive1/dyehorova3/.conda/envs/Kif/dat/leap/cmd to search path.
-f: Source tleap.in.

Welcome to LEaP!
(no leaprc in search path)
Sourcing: ./tleap.in
----- Source: /storage/home/hhive1/dyehorova3/.conda/envs/Kif/dat/leap/cmd/leaprc.protein.ff14SB
----- Source of /storage/home/hhive1/dyehorova3/.conda/envs/Kif/dat/leap/cmd/leaprc.protein.ff14SB done
Log file: ./leap.log
Loading parameters: /storage/home/hhive1/dyehorova3/.conda/envs/Kif/dat/leap/parm/parm10.dat
Reading title:
PARM99 + frcmod.ff99SB + frcmod.parmbsc0 + OL3 for RNA
Loading parameters: /storage/home/hhive1/dyehorova3/.conda/envs/Kif/dat/leap/parm/frcmod.ff14SB
Reading force field modification type file (frcmod)
Reading title:
ff14SB protein backbone and sidechain parameters
Loading library: /storage/home/hhive1/dyehorova3/.conda/envs/Kif/dat/leap/lib/amino12.lib
Loading library: /storage/home/hhive1/dyehorova3/.conda/envs/Kif/dat/leap/lib/aminoct12.lib
Loading library: /storage/home/hhive1/dyehorova3/.conda/envs/Kif/dat/leap/lib/aminont12.lib
----- Source: /storage/home/hhive1/dyehorova3/.conda/envs/Kif/dat/leap/cmd/leaprc.water.tip3p
----- Source of /storage/home/hhive1/dyehorova3/.conda/envs/Kif/dat/leap/cmd/leaprc.water.tip3p done
Loading library: /storage/home/hhive1/dyehorova3/.conda/envs/Kif/dat/leap/lib/atomic_ions.lib
Loading library: /storage/home/hhive1/dyehorova3/.conda/envs/Kif/dat/leap/lib/solvents.lib
Loading parameters: /storage/home/hhive1/dyehorova3/.conda/envs/Kif/dat/leap/parm/frcmod.tip3p
Reading force field modification type file (frcmod)
Reading title:
This is the additional/replacement parameter set for TIP3P water
Loading parameters: /storage/home/hhive1/dyehorova3/.conda/envs/Kif/dat/leap/parm/frcmod.ions1lm_126_tip3p
Reading force field modification type file (frcmod)
Reading title:
Li/Merz ion parameters of monovalent ions for TIP3P water model (12-6 normal usage set)
Loading parameters: /storage/home/hhive1/dyehorova3/.conda/envs/Kif/dat/leap/parm/frcmod.ionsjc_tip3p
Reading force field modification type file (frcmod)
Reading title:
Monovalent ion parameters for Ewald and TIP3P water from Joung & Cheatham JPCB (2008)
Loading parameters: /storage/home/hhive1/dyehorova3/.conda/envs/Kif/dat/leap/parm/frcmod.ions234lm_126_tip3p
Reading force field modification type file (frcmod)
Reading title:
Li/Merz ion parameters of divalent to tetravalent ions for TIP3P water model (12-6 normal usage set)
Loading PDB file: ./2QPN_GES-1_apo.pdb
  total atoms in file: 4029
  Leap added 1 missing atom according to residue templates:
       1 H / lone pairs
  Solute vdw bounding box:              45.370 61.554 46.686
  Total bounding box for atom centers:  69.370 85.554 70.686
  Solvent unit box:                     18.774 18.774 18.774
  Total vdw box size:                   72.535 88.616 73.748 angstroms.
  Volume: 474029.142 A^3 
  Total mass 234108.290 amu,  Density 0.820 g/cc
  Added 11404 residues.
1 Na+ ion required to neutralize.
Adding 1 counter ions to "2QPN_GES-1_apo". 11403 solvent molecules will remain.
0: Placed Na+ in 2QPN_GES-1_apo at (-13.97, -34.90, -11.02).
 0.000000 0 1 0
0 Cl- ion required to neutralize.
Writing pdb file: 2QPN_GES-1_apo_postleap.pdb
   printing CRYST1 record to PDB file with box info

/storage/home/hhive1/dyehorova3/.conda/envs/Kif/bin/teLeap: Warning!
 Converting N-terminal residue name to PDB format: NLYS -> LYS

/storage/home/hhive1/dyehorova3/.conda/envs/Kif/bin/teLeap: Warning!
 Converting C-terminal residue name to PDB format: CSER -> SER
Checking Unit.
Building topology.
Building atom parameters.
Building bond parameters.
Building angle parameters.
Building proper torsion parameters.
Building improper torsion parameters.
 total 793 improper torsions applied
Building H-Bond parameters.
Incorporating Non-Bonded adjustments.
Not Marking per-residue atom chain types.
Marking per-residue atom chain types.
  (Residues lacking connect0/connect1 - 
   these don't have chain types marked:

	res	total affected

	CSER	1
	NLYS	1
	WAT	11403
  )
 (no restraints)
	Quit

Exiting LEaP: Errors = 0; Warnings = 2; Notes = 0.
