-I: Adding /storage/home/hhive1/dyehorova3/.conda/envs/Kif/dat/leap/prep to search path.
-I: Adding /storage/home/hhive1/dyehorova3/.conda/envs/Kif/dat/leap/lib to search path.
-I: Adding /storage/home/hhive1/dyehorova3/.conda/envs/Kif/dat/leap/parm to search path.
-I: Adding /storage/home/hhive1/dyehorova3/.conda/envs/Kif/dat/leap/cmd to search path.
-f: Source tleap.in.

Welcome to LEaP!
(no leaprc in search path)
Sourcing: ./tleap.in
----- Source: /storage/home/hhive1/dyehorova3/.conda/envs/Kif/dat/leap/cmd/leaprc.protein.ff14SB
----- Source of /storage/home/hhive1/dyehorova3/.conda/envs/Kif/dat/leap/cmd/leaprc.protein.ff14SB done
Log file: ./leap.log
Loading parameters: /storage/home/hhive1/dyehorova3/.conda/envs/Kif/dat/leap/parm/parm10.dat
Reading title:
PARM99 + frcmod.ff99SB + frcmod.parmbsc0 + OL3 for RNA
Loading parameters: /storage/home/hhive1/dyehorova3/.conda/envs/Kif/dat/leap/parm/frcmod.ff14SB
Reading force field modification type file (frcmod)
Reading title:
ff14SB protein backbone and sidechain parameters
Loading library: /storage/home/hhive1/dyehorova3/.conda/envs/Kif/dat/leap/lib/amino12.lib
Loading library: /storage/home/hhive1/dyehorova3/.conda/envs/Kif/dat/leap/lib/aminoct12.lib
Loading library: /storage/home/hhive1/dyehorova3/.conda/envs/Kif/dat/leap/lib/aminont12.lib
----- Source: /storage/home/hhive1/dyehorova3/.conda/envs/Kif/dat/leap/cmd/leaprc.water.tip3p
----- Source of /storage/home/hhive1/dyehorova3/.conda/envs/Kif/dat/leap/cmd/leaprc.water.tip3p done
Loading library: /storage/home/hhive1/dyehorova3/.conda/envs/Kif/dat/leap/lib/atomic_ions.lib
Loading library: /storage/home/hhive1/dyehorova3/.conda/envs/Kif/dat/leap/lib/solvents.lib
Loading parameters: /storage/home/hhive1/dyehorova3/.conda/envs/Kif/dat/leap/parm/frcmod.tip3p
Reading force field modification type file (frcmod)
Reading title:
This is the additional/replacement parameter set for TIP3P water
Loading parameters: /storage/home/hhive1/dyehorova3/.conda/envs/Kif/dat/leap/parm/frcmod.ions1lm_126_tip3p
Reading force field modification type file (frcmod)
Reading title:
Li/Merz ion parameters of monovalent ions for TIP3P water model (12-6 normal usage set)
Loading parameters: /storage/home/hhive1/dyehorova3/.conda/envs/Kif/dat/leap/parm/frcmod.ionsjc_tip3p
Reading force field modification type file (frcmod)
Reading title:
Monovalent ion parameters for Ewald and TIP3P water from Joung & Cheatham JPCB (2008)
Loading parameters: /storage/home/hhive1/dyehorova3/.conda/envs/Kif/dat/leap/parm/frcmod.ions234lm_126_tip3p
Reading force field modification type file (frcmod)
Reading title:
Li/Merz ion parameters of divalent to tetravalent ions for TIP3P water model (12-6 normal usage set)
Loading PDB file: ./1M40_TEM-1_apo.pdb
  total atoms in file: 4064
  Leap added 1 missing atom according to residue templates:
       1 H / lone pairs
  Solute vdw bounding box:              47.753 45.631 60.681
  Total bounding box for atom centers:  71.753 69.631 84.681
  Solvent unit box:                     18.774 18.774 18.774
  Total vdw box size:                   74.682 72.816 87.672 angstroms.
  Volume: 476764.561 A^3 
  Total mass 238875.694 amu,  Density 0.832 g/cc
  Added 11655 residues.
6 Na+ ions required to neutralize.
Adding 6 counter ions to "1M40_TEM-1_apo". 11649 solvent molecules will remain.
0: Placed Na+ in 1M40_TEM-1_apo at (-20.10, -19.38, 14.63).
0: Placed Na+ in 1M40_TEM-1_apo at (-19.25, -19.69, 22.99).
0: Placed Na+ in 1M40_TEM-1_apo at (-32.27, 22.46, -12.09).
0: Placed Na+ in 1M40_TEM-1_apo at (3.79, -32.64, -19.71).
0: Placed Na+ in 1M40_TEM-1_apo at (-2.09, -2.40, 24.81).
0: Placed Na+ in 1M40_TEM-1_apo at (31.78, -17.15, -6.73).

/storage/home/hhive1/dyehorova3/.conda/envs/Kif/bin/teLeap: Warning!
addIonsRand: 1st Ion & target unit have charges of the same sign:
     unit charge = -7.72715e-14; ion1 charge = -1;
     can't neutralize.
Writing pdb file: 1M40_TEM-1_apo_postleap.pdb
   printing CRYST1 record to PDB file with box info

/storage/home/hhive1/dyehorova3/.conda/envs/Kif/bin/teLeap: Warning!
 Converting N-terminal residue name to PDB format: NHIE -> HIE

/storage/home/hhive1/dyehorova3/.conda/envs/Kif/bin/teLeap: Warning!
 Converting C-terminal residue name to PDB format: CTRP -> TRP
Checking Unit.
Building topology.
Building atom parameters.
Building bond parameters.
Building angle parameters.
Building proper torsion parameters.
Building improper torsion parameters.
 total 779 improper torsions applied
Building H-Bond parameters.
Incorporating Non-Bonded adjustments.
Not Marking per-residue atom chain types.
Marking per-residue atom chain types.
  (Residues lacking connect0/connect1 - 
   these don't have chain types marked:

	res	total affected

	CTRP	1
	NHIE	1
	WAT	11649
  )
 (no restraints)
	Quit

Exiting LEaP: Errors = 0; Warnings = 3; Notes = 0.
