-I: Adding /storage/home/hhive1/dyehorova3/.conda/envs/Kif/dat/leap/prep to search path.
-I: Adding /storage/home/hhive1/dyehorova3/.conda/envs/Kif/dat/leap/lib to search path.
-I: Adding /storage/home/hhive1/dyehorova3/.conda/envs/Kif/dat/leap/parm to search path.
-I: Adding /storage/home/hhive1/dyehorova3/.conda/envs/Kif/dat/leap/cmd to search path.
-f: Source tleap.in.

Welcome to LEaP!
(no leaprc in search path)
Sourcing: ./tleap.in
----- Source: /storage/home/hhive1/dyehorova3/.conda/envs/Kif/dat/leap/cmd/leaprc.protein.ff14SB
----- Source of /storage/home/hhive1/dyehorova3/.conda/envs/Kif/dat/leap/cmd/leaprc.protein.ff14SB done
Log file: ./leap.log
Loading parameters: /storage/home/hhive1/dyehorova3/.conda/envs/Kif/dat/leap/parm/parm10.dat
Reading title:
PARM99 + frcmod.ff99SB + frcmod.parmbsc0 + OL3 for RNA
Loading parameters: /storage/home/hhive1/dyehorova3/.conda/envs/Kif/dat/leap/parm/frcmod.ff14SB
Reading force field modification type file (frcmod)
Reading title:
ff14SB protein backbone and sidechain parameters
Loading library: /storage/home/hhive1/dyehorova3/.conda/envs/Kif/dat/leap/lib/amino12.lib
Loading library: /storage/home/hhive1/dyehorova3/.conda/envs/Kif/dat/leap/lib/aminoct12.lib
Loading library: /storage/home/hhive1/dyehorova3/.conda/envs/Kif/dat/leap/lib/aminont12.lib
----- Source: /storage/home/hhive1/dyehorova3/.conda/envs/Kif/dat/leap/cmd/leaprc.water.tip3p
----- Source of /storage/home/hhive1/dyehorova3/.conda/envs/Kif/dat/leap/cmd/leaprc.water.tip3p done
Loading library: /storage/home/hhive1/dyehorova3/.conda/envs/Kif/dat/leap/lib/atomic_ions.lib
Loading library: /storage/home/hhive1/dyehorova3/.conda/envs/Kif/dat/leap/lib/solvents.lib
Loading parameters: /storage/home/hhive1/dyehorova3/.conda/envs/Kif/dat/leap/parm/frcmod.tip3p
Reading force field modification type file (frcmod)
Reading title:
This is the additional/replacement parameter set for TIP3P water
Loading parameters: /storage/home/hhive1/dyehorova3/.conda/envs/Kif/dat/leap/parm/frcmod.ions1lm_126_tip3p
Reading force field modification type file (frcmod)
Reading title:
Li/Merz ion parameters of monovalent ions for TIP3P water model (12-6 normal usage set)
Loading parameters: /storage/home/hhive1/dyehorova3/.conda/envs/Kif/dat/leap/parm/frcmod.ionsjc_tip3p
Reading force field modification type file (frcmod)
Reading title:
Monovalent ion parameters for Ewald and TIP3P water from Joung & Cheatham JPCB (2008)
Loading parameters: /storage/home/hhive1/dyehorova3/.conda/envs/Kif/dat/leap/parm/frcmod.ions234lm_126_tip3p
Reading force field modification type file (frcmod)
Reading title:
Li/Merz ion parameters of divalent to tetravalent ions for TIP3P water model (12-6 normal usage set)
Loading PDB file: ./5GHX_PenP-1_apo.pdb
  total atoms in file: 4053
  Leap added 1 missing atom according to residue templates:
       1 H / lone pairs
  Solute vdw bounding box:              58.405 59.340 44.642
  Total bounding box for atom centers:  82.405 83.340 68.642
  Solvent unit box:                     18.774 18.774 18.774
  Total vdw box size:                   85.235 86.834 71.778 angstroms.
  Volume: 531246.954 A^3 
  Total mass 263981.612 amu,  Density 0.825 g/cc
  Added 13060 residues.
7 Na+ ions required to neutralize.
Adding 7 counter ions to "5GHX_PenP-1_apo". 13053 solvent molecules will remain.
0: Placed Na+ in 5GHX_PenP-1_apo at (39.07, 24.22, 25.39).
0: Placed Na+ in 5GHX_PenP-1_apo at (-18.05, -17.79, -27.78).
0: Placed Na+ in 5GHX_PenP-1_apo at (7.53, -17.43, 33.87).
0: Placed Na+ in 5GHX_PenP-1_apo at (27.72, 7.26, 18.81).
0: Placed Na+ in 5GHX_PenP-1_apo at (30.15, 19.03, 30.97).
0: Placed Na+ in 5GHX_PenP-1_apo at (36.00, 19.61, -13.16).
0: Placed Na+ in 5GHX_PenP-1_apo at (-23.53, 2.81, 23.09).

/storage/home/hhive1/dyehorova3/.conda/envs/Kif/bin/teLeap: Warning!
addIonsRand: 1st Ion & target unit have charges of the same sign:
     unit charge = -6.83897e-14; ion1 charge = -1;
     can't neutralize.
Writing pdb file: 5GHX_PenP-1_apo_postleap.pdb
   printing CRYST1 record to PDB file with box info

/storage/home/hhive1/dyehorova3/.conda/envs/Kif/bin/teLeap: Warning!
 Converting N-terminal residue name to PDB format: NASP -> ASP

/storage/home/hhive1/dyehorova3/.conda/envs/Kif/bin/teLeap: Warning!
 Converting C-terminal residue name to PDB format: CASN -> ASN
Checking Unit.
Building topology.
Building atom parameters.
Building bond parameters.
Building angle parameters.
Building proper torsion parameters.
Building improper torsion parameters.
 total 767 improper torsions applied
Building H-Bond parameters.
Incorporating Non-Bonded adjustments.
Not Marking per-residue atom chain types.
Marking per-residue atom chain types.
  (Residues lacking connect0/connect1 - 
   these don't have chain types marked:

	res	total affected

	CASN	1
	NASP	1
	WAT	13053
  )
 (no restraints)
	Quit

Exiting LEaP: Errors = 0; Warnings = 3; Notes = 0.
