-I: Adding /storage/home/hhive1/dyehorova3/.conda/envs/AmberTools22/dat/leap/prep to search path.
-I: Adding /storage/home/hhive1/dyehorova3/.conda/envs/AmberTools22/dat/leap/lib to search path.
-I: Adding /storage/home/hhive1/dyehorova3/.conda/envs/AmberTools22/dat/leap/parm to search path.
-I: Adding /storage/home/hhive1/dyehorova3/.conda/envs/AmberTools22/dat/leap/cmd to search path.
-f: Source tleap.in.

Welcome to LEaP!
(no leaprc in search path)
Sourcing: ./tleap.in
----- Source: /storage/home/hhive1/dyehorova3/.conda/envs/AmberTools22/dat/leap/cmd/leaprc.protein.ff14SB
----- Source of /storage/home/hhive1/dyehorova3/.conda/envs/AmberTools22/dat/leap/cmd/leaprc.protein.ff14SB done
Log file: ./leap.log
Loading parameters: /storage/home/hhive1/dyehorova3/.conda/envs/AmberTools22/dat/leap/parm/parm10.dat
Reading title:
PARM99 + frcmod.ff99SB + frcmod.parmbsc0 + OL3 for RNA
Loading parameters: /storage/home/hhive1/dyehorova3/.conda/envs/AmberTools22/dat/leap/parm/frcmod.ff14SB
Reading force field modification type file (frcmod)
Reading title:
ff14SB protein backbone and sidechain parameters
Loading library: /storage/home/hhive1/dyehorova3/.conda/envs/AmberTools22/dat/leap/lib/amino12.lib
Loading library: /storage/home/hhive1/dyehorova3/.conda/envs/AmberTools22/dat/leap/lib/aminoct12.lib
Loading library: /storage/home/hhive1/dyehorova3/.conda/envs/AmberTools22/dat/leap/lib/aminont12.lib
----- Source: /storage/home/hhive1/dyehorova3/.conda/envs/AmberTools22/dat/leap/cmd/leaprc.water.tip3p
----- Source of /storage/home/hhive1/dyehorova3/.conda/envs/AmberTools22/dat/leap/cmd/leaprc.water.tip3p done
Loading library: /storage/home/hhive1/dyehorova3/.conda/envs/AmberTools22/dat/leap/lib/atomic_ions.lib
Loading library: /storage/home/hhive1/dyehorova3/.conda/envs/AmberTools22/dat/leap/lib/solvents.lib
Loading parameters: /storage/home/hhive1/dyehorova3/.conda/envs/AmberTools22/dat/leap/parm/frcmod.tip3p
Reading force field modification type file (frcmod)
Reading title:
This is the additional/replacement parameter set for TIP3P water
Loading parameters: /storage/home/hhive1/dyehorova3/.conda/envs/AmberTools22/dat/leap/parm/frcmod.ions1lm_126_tip3p
Reading force field modification type file (frcmod)
Reading title:
Li/Merz ion parameters of monovalent ions for TIP3P water model (12-6 normal usage set)
Loading parameters: /storage/home/hhive1/dyehorova3/.conda/envs/AmberTools22/dat/leap/parm/frcmod.ionsjc_tip3p
Reading force field modification type file (frcmod)
Reading title:
Monovalent ion parameters for Ewald and TIP3P water from Joung & Cheatham JPCB (2008)
Loading parameters: /storage/home/hhive1/dyehorova3/.conda/envs/AmberTools22/dat/leap/parm/frcmod.ions234lm_126_tip3p
Reading force field modification type file (frcmod)
Reading title:
Li/Merz ion parameters of divalent to tetravalent ions for TIP3P water model (12-6 normal usage set)
Loading PDB file: ./4YFM_MAB-1_apo.pdb
  total atoms in file: 3946
  Leap added 1 missing atom according to residue templates:
       1 H / lone pairs
  Solute vdw bounding box:              46.500 58.477 41.958
  Total bounding box for atom centers:  70.500 82.477 65.958
  Solvent unit box:                     18.774 18.774 18.774
  Total vdw box size:                   73.830 85.470 68.898 angstroms.
  Volume: 434764.151 A^3 
  Total mass 214879.876 amu,  Density 0.821 g/cc
  Added 10372 residues.
4 Na+ ions required to neutralize.
Adding 4 counter ions to "4YFM_MAB-1_apo". 10368 solvent molecules will remain.
0: Placed Na+ in 4YFM_MAB-1_apo at (7.88, 0.91, -32.10).
0: Placed Na+ in 4YFM_MAB-1_apo at (-22.25, -14.07, 1.12).
0: Placed Na+ in 4YFM_MAB-1_apo at (16.10, -9.72, 10.88).
0: Placed Na+ in 4YFM_MAB-1_apo at (26.61, 3.28, 19.45).

/storage/home/hhive1/dyehorova3/.conda/envs/AmberTools22/bin/teLeap: Warning!
addIonsRand: 1st Ion & target unit have charges of the same sign:
     unit charge = -1.05693e-13; ion1 charge = -1;
     can't neutralize.
Writing pdb file: 4YFM_MAB-1_apo_postleap.pdb
   printing CRYST1 record to PDB file with box info

/storage/home/hhive1/dyehorova3/.conda/envs/AmberTools22/bin/teLeap: Warning!
 Converting N-terminal residue name to PDB format: NALA -> ALA

/storage/home/hhive1/dyehorova3/.conda/envs/AmberTools22/bin/teLeap: Warning!
 Converting C-terminal residue name to PDB format: CALA -> ALA
Checking Unit.
Building topology.
Building atom parameters.
Building bond parameters.
Building angle parameters.
Building proper torsion parameters.
Building improper torsion parameters.
 total 761 improper torsions applied
Building H-Bond parameters.
Incorporating Non-Bonded adjustments.
Not Marking per-residue atom chain types.
Marking per-residue atom chain types.
  (Residues lacking connect0/connect1 - 
   these don't have chain types marked:

	res	total affected

	CALA	1
	NALA	1
	WAT	10368
  )
 (no restraints)
	Quit

Exiting LEaP: Errors = 0; Warnings = 3; Notes = 0.
