-I: Adding /storage/home/hhive1/dyehorova3/.conda/envs/AmberTools22/dat/leap/prep to search path.
-I: Adding /storage/home/hhive1/dyehorova3/.conda/envs/AmberTools22/dat/leap/lib to search path.
-I: Adding /storage/home/hhive1/dyehorova3/.conda/envs/AmberTools22/dat/leap/parm to search path.
-I: Adding /storage/home/hhive1/dyehorova3/.conda/envs/AmberTools22/dat/leap/cmd to search path.
-f: Source tleap.in.

Welcome to LEaP!
(no leaprc in search path)
Sourcing: ./tleap.in
----- Source: /storage/home/hhive1/dyehorova3/.conda/envs/AmberTools22/dat/leap/cmd/leaprc.protein.ff14SB
----- Source of /storage/home/hhive1/dyehorova3/.conda/envs/AmberTools22/dat/leap/cmd/leaprc.protein.ff14SB done
Log file: ./leap.log
Loading parameters: /storage/home/hhive1/dyehorova3/.conda/envs/AmberTools22/dat/leap/parm/parm10.dat
Reading title:
PARM99 + frcmod.ff99SB + frcmod.parmbsc0 + OL3 for RNA
Loading parameters: /storage/home/hhive1/dyehorova3/.conda/envs/AmberTools22/dat/leap/parm/frcmod.ff14SB
Reading force field modification type file (frcmod)
Reading title:
ff14SB protein backbone and sidechain parameters
Loading library: /storage/home/hhive1/dyehorova3/.conda/envs/AmberTools22/dat/leap/lib/amino12.lib
Loading library: /storage/home/hhive1/dyehorova3/.conda/envs/AmberTools22/dat/leap/lib/aminoct12.lib
Loading library: /storage/home/hhive1/dyehorova3/.conda/envs/AmberTools22/dat/leap/lib/aminont12.lib
----- Source: /storage/home/hhive1/dyehorova3/.conda/envs/AmberTools22/dat/leap/cmd/leaprc.water.tip3p
----- Source of /storage/home/hhive1/dyehorova3/.conda/envs/AmberTools22/dat/leap/cmd/leaprc.water.tip3p done
Loading library: /storage/home/hhive1/dyehorova3/.conda/envs/AmberTools22/dat/leap/lib/atomic_ions.lib
Loading library: /storage/home/hhive1/dyehorova3/.conda/envs/AmberTools22/dat/leap/lib/solvents.lib
Loading parameters: /storage/home/hhive1/dyehorova3/.conda/envs/AmberTools22/dat/leap/parm/frcmod.tip3p
Reading force field modification type file (frcmod)
Reading title:
This is the additional/replacement parameter set for TIP3P water
Loading parameters: /storage/home/hhive1/dyehorova3/.conda/envs/AmberTools22/dat/leap/parm/frcmod.ions1lm_126_tip3p
Reading force field modification type file (frcmod)
Reading title:
Li/Merz ion parameters of monovalent ions for TIP3P water model (12-6 normal usage set)
Loading parameters: /storage/home/hhive1/dyehorova3/.conda/envs/AmberTools22/dat/leap/parm/frcmod.ionsjc_tip3p
Reading force field modification type file (frcmod)
Reading title:
Monovalent ion parameters for Ewald and TIP3P water from Joung & Cheatham JPCB (2008)
Loading parameters: /storage/home/hhive1/dyehorova3/.conda/envs/AmberTools22/dat/leap/parm/frcmod.ions234lm_126_tip3p
Reading force field modification type file (frcmod)
Reading title:
Li/Merz ion parameters of divalent to tetravalent ions for TIP3P water model (12-6 normal usage set)
Loading PDB file: ./6WGR_PC1-159_apo.pdb
Created a new atom named: HZ1 within residue: .R<LYN 202>
  total atoms in file: 4167
  Leap added 1 missing atom according to residue templates:
       1 H / lone pairs
  The file contained 1 atoms not in residue templates

/storage/home/hhive1/dyehorova3/.conda/envs/AmberTools22/bin/teLeap: Warning!
Since the number of added atoms equals the number of missing atoms, it is likely
that some atoms had incorrect names; you may want to use addPdbAtomMap to map
these names, or change the names in the PDB file.

  Solute vdw bounding box:              55.603 52.875 49.910
  Total bounding box for atom centers:  79.603 76.875 73.910
  Solvent unit box:                     18.774 18.774 18.774
  Total vdw box size:                   82.224 79.666 77.076 angstroms.
  Volume: 504885.949 A^3 
  Mass > 253211.776 amu,  Density > 0.833 g/cc
      (type - hence mass - of one or more atoms could not be found)
  Added 12446 residues.

/storage/home/hhive1/dyehorova3/.conda/envs/AmberTools22/bin/teLeap: Warning!
addIonsRand: 1st Ion & target unit have charges of the same sign:
     unit charge = 16; ion1 charge = 1;
     can't neutralize.
16 Cl- ions required to neutralize.
Adding 16 counter ions to "6WGR_PC1-159_apo". 12430 solvent molecules will remain.
0: Placed Cl- in 6WGR_PC1-159_apo at (-26.93, -28.85, 20.65).
0: Placed Cl- in 6WGR_PC1-159_apo at (11.74, 37.03, 14.69).
0: Placed Cl- in 6WGR_PC1-159_apo at (-11.80, 15.87, -32.91).
0: Placed Cl- in 6WGR_PC1-159_apo at (-27.23, -7.03, -3.41).
0: Placed Cl- in 6WGR_PC1-159_apo at (19.69, -36.53, -27.96).
0: Placed Cl- in 6WGR_PC1-159_apo at (-7.41, 29.81, 22.74).
0: Placed Cl- in 6WGR_PC1-159_apo at (-22.61, -9.70, 2.78).
0: Placed Cl- in 6WGR_PC1-159_apo at (37.04, -28.89, -31.50).
0: Placed Cl- in 6WGR_PC1-159_apo at (-19.45, 20.43, -23.84).
0: Placed Cl- in 6WGR_PC1-159_apo at (24.81, -24.79, -19.74).
0: Placed Cl- in 6WGR_PC1-159_apo at (-25.81, 37.03, 14.69).
0: Placed Cl- in 6WGR_PC1-159_apo at (3.99, -13.59, 33.36).
0: Placed Cl- in 6WGR_PC1-159_apo at (15.93, -26.25, 24.33).
0: Placed Cl- in 6WGR_PC1-159_apo at (-15.74, 33.01, 31.89).
0: Placed Cl- in 6WGR_PC1-159_apo at (-0.72, -26.64, -34.05).
0: Placed Cl- in 6WGR_PC1-159_apo at (-19.49, 29.68, -34.05).
Writing pdb file: 6WGR_PC1-159_apo_postleap.pdb
   printing CRYST1 record to PDB file with box info

/storage/home/hhive1/dyehorova3/.conda/envs/AmberTools22/bin/teLeap: Warning!
 Converting N-terminal residue name to PDB format: NALA -> ALA

/storage/home/hhive1/dyehorova3/.conda/envs/AmberTools22/bin/teLeap: Warning!
 Converting C-terminal residue name to PDB format: CPHE -> PHE
Checking Unit.
FATAL:  Atom .R<LYN 202>.A<HZ1 22> does not have a type.

/storage/home/hhive1/dyehorova3/.conda/envs/AmberTools22/bin/teLeap: Fatal Error!
Failed to generate parameters

Exiting LEaP: Errors = 1; Warnings = 4; Notes = 0.
