-I: Adding /storage/home/hhive1/dyehorova3/.conda/envs/AmberTools22/dat/leap/prep to search path.
-I: Adding /storage/home/hhive1/dyehorova3/.conda/envs/AmberTools22/dat/leap/lib to search path.
-I: Adding /storage/home/hhive1/dyehorova3/.conda/envs/AmberTools22/dat/leap/parm to search path.
-I: Adding /storage/home/hhive1/dyehorova3/.conda/envs/AmberTools22/dat/leap/cmd to search path.
-f: Source tleap.in.

Welcome to LEaP!
(no leaprc in search path)
Sourcing: ./tleap.in
----- Source: /storage/home/hhive1/dyehorova3/.conda/envs/AmberTools22/dat/leap/cmd/leaprc.protein.ff14SB
----- Source of /storage/home/hhive1/dyehorova3/.conda/envs/AmberTools22/dat/leap/cmd/leaprc.protein.ff14SB done
Log file: ./leap.log
Loading parameters: /storage/home/hhive1/dyehorova3/.conda/envs/AmberTools22/dat/leap/parm/parm10.dat
Reading title:
PARM99 + frcmod.ff99SB + frcmod.parmbsc0 + OL3 for RNA
Loading parameters: /storage/home/hhive1/dyehorova3/.conda/envs/AmberTools22/dat/leap/parm/frcmod.ff14SB
Reading force field modification type file (frcmod)
Reading title:
ff14SB protein backbone and sidechain parameters
Loading library: /storage/home/hhive1/dyehorova3/.conda/envs/AmberTools22/dat/leap/lib/amino12.lib
Loading library: /storage/home/hhive1/dyehorova3/.conda/envs/AmberTools22/dat/leap/lib/aminoct12.lib
Loading library: /storage/home/hhive1/dyehorova3/.conda/envs/AmberTools22/dat/leap/lib/aminont12.lib
----- Source: /storage/home/hhive1/dyehorova3/.conda/envs/AmberTools22/dat/leap/cmd/leaprc.water.tip3p
----- Source of /storage/home/hhive1/dyehorova3/.conda/envs/AmberTools22/dat/leap/cmd/leaprc.water.tip3p done
Loading library: /storage/home/hhive1/dyehorova3/.conda/envs/AmberTools22/dat/leap/lib/atomic_ions.lib
Loading library: /storage/home/hhive1/dyehorova3/.conda/envs/AmberTools22/dat/leap/lib/solvents.lib
Loading parameters: /storage/home/hhive1/dyehorova3/.conda/envs/AmberTools22/dat/leap/parm/frcmod.tip3p
Reading force field modification type file (frcmod)
Reading title:
This is the additional/replacement parameter set for TIP3P water
Loading parameters: /storage/home/hhive1/dyehorova3/.conda/envs/AmberTools22/dat/leap/parm/frcmod.ions1lm_126_tip3p
Reading force field modification type file (frcmod)
Reading title:
Li/Merz ion parameters of monovalent ions for TIP3P water model (12-6 normal usage set)
Loading parameters: /storage/home/hhive1/dyehorova3/.conda/envs/AmberTools22/dat/leap/parm/frcmod.ionsjc_tip3p
Reading force field modification type file (frcmod)
Reading title:
Monovalent ion parameters for Ewald and TIP3P water from Joung & Cheatham JPCB (2008)
Loading parameters: /storage/home/hhive1/dyehorova3/.conda/envs/AmberTools22/dat/leap/parm/frcmod.ions234lm_126_tip3p
Reading force field modification type file (frcmod)
Reading title:
Li/Merz ion parameters of divalent to tetravalent ions for TIP3P water model (12-6 normal usage set)
Loading PDB file: ./6W34_BcI-248_apo.pdb
  total atoms in file: 4007
  Leap added 1 missing atom according to residue templates:
       1 H / lone pairs
  Solute vdw bounding box:              54.069 49.792 58.454
  Total bounding box for atom centers:  78.069 73.792 82.454
  Solvent unit box:                     18.774 18.774 18.774
  Total vdw box size:                   81.325 76.851 85.596 angstroms.
  Volume: 534970.544 A^3 
  Total mass 263962.518 amu,  Density 0.819 g/cc
  Added 13076 residues.
1 Na+ ion required to neutralize.
Adding 1 counter ions to "6W34_BcI-248_apo". 13075 solvent molecules will remain.
0: Placed Na+ in 6W34_BcI-248_apo at (-4.78, 9.79, -31.72).
 0.000000 0 1 0
0 Cl- ion required to neutralize.
Writing pdb file: 6W34_BcI-248_apo_postleap.pdb
   printing CRYST1 record to PDB file with box info

/storage/home/hhive1/dyehorova3/.conda/envs/AmberTools22/bin/teLeap: Warning!
 Converting N-terminal residue name to PDB format: NGLN -> GLN

/storage/home/hhive1/dyehorova3/.conda/envs/AmberTools22/bin/teLeap: Warning!
 Converting C-terminal residue name to PDB format: CLYS -> LYS
Checking Unit.
Building topology.
Building atom parameters.
Building bond parameters.
Building angle parameters.
Building proper torsion parameters.
Building improper torsion parameters.
 total 771 improper torsions applied
Building H-Bond parameters.
Incorporating Non-Bonded adjustments.
Not Marking per-residue atom chain types.
Marking per-residue atom chain types.
  (Residues lacking connect0/connect1 - 
   these don't have chain types marked:

	res	total affected

	CLYS	1
	NGLN	1
	WAT	13075
  )
 (no restraints)
	Quit

Exiting LEaP: Errors = 0; Warnings = 2; Notes = 0.
